<?xml version="1.0" encoding="UTF-8"?>
<!-- Generated by org.testng.reporters.JUnitReportReporter -->
<testsuite skipped="0" hostname="G05USXN00238" name="Test_Cases" tests="1" failures="0" timestamp="2020-02-21T10:53:43 EST" time="0.012" errors="0">
  <testcase name="Test1" time="0.012" classname="Test_Cases"/>
</testsuite> <!-- Test_Cases -->
